[INFO] 02:43:01:496 memoria/(6398:6399): server_ready :: servidor preparado y escuchando ...
[INFO] 02:43:19:508 memoria/(6398:6457): Conexion aceptada con kernel en socket:[6]
[ERROR] 02:44:48:610 memoria/(6398:6457): el tamaño:[2048] de proceso supera al maximo:[1024] posible
[INFO] 02:45:40:253 memoria/(6605:6606): server_ready :: servidor preparado y escuchando ...
[INFO] 02:45:40:254 memoria/(6605:6606): server_error :: ocurrio un error durante la ejecucion del servicio de conexiones :: error:[9] msg:[Bad file descriptor]
[INFO] 02:46:17:237 memoria/(6647:6648): server_ready :: servidor preparado y escuchando ...
[INFO] 02:46:17:242 memoria/(6647:6648): server_error :: ocurrio un error durante la ejecucion del servicio de conexiones :: error:[9] msg:[Bad file descriptor]
[INFO] 02:47:55:392 memoria/(3217:3218): server_ready :: servidor preparado y escuchando ...
[INFO] 02:48:22:547 memoria/(3217:3299): Conexion aceptada con kernel en socket:[6]
[INFO] 02:48:32:303 memoria/(3217:3299): espacio de memoria reservado para pid:[1] tablas de paginas[2] paginas:[8]
[INFO] 02:48:34:325 memoria/(3217:3246): pagina:[0] cargada para proceso:[1] en marco:[0]
[INFO] 02:48:42:555 memoria/(3217:3299): espacio de memoria reservado para pid:[2] tablas de paginas[4] paginas:[16]
[INFO] 02:48:53:003 memoria/(3217:3299): espacio de memoria reservado para pid:[3] tablas de paginas[2] paginas:[8]
[INFO] 02:48:55:339 memoria/(3217:3246): pagina:[0] cargada para proceso:[3] en marco:[1]
[INFO] 02:49:06:348 memoria/(3217:3246): pagina:[0] cargada para proceso:[2] en marco:[2]
[INFO] 02:49:17:358 memoria/(3217:3246): pagina:[4] cargada para proceso:[2] en marco:[3]
[INFO] 02:49:28:367 memoria/(3217:3246): pagina:[8] cargada para proceso:[2] en marco:[4]
[INFO] 02:50:07:399 memoria/(3217:3246): pagina:[4] cargada para proceso:[3] en marco:[5]
[INFO] 02:50:18:405 memoria/(3217:3246): pagina:[4] cargada para proceso:[1] en marco:[6]
[INFO] 02:53:30:166 memoria/(3817:3818): server_ready :: servidor preparado y escuchando ...
[INFO] 02:53:37:693 memoria/(3821:3822): server_ready :: servidor preparado y escuchando ...
[INFO] 02:53:56:481 memoria/(3821:3829): Conexion aceptada con kernel en socket:[6]
[INFO] 02:56:00:998 memoria/(3258:3259): server_ready :: servidor preparado y escuchando ...
[INFO] 02:56:26:368 memoria/(3258:3388): Conexion aceptada con kernel en socket:[6]
[INFO] 02:56:42:759 memoria/(3258:3388): espacio de memoria reservado para pid:[1] tablas de paginas[2] paginas:[8]
[INFO] 02:56:44:813 memoria/(3258:3335): pagina:[0] cargada para proceso:[1] en marco:[0]
[INFO] 02:57:01:885 memoria/(3258:3388): espacio de memoria reservado para pid:[2] tablas de paginas[4] paginas:[16]
[INFO] 02:57:15:958 memoria/(3258:3335): pagina:[0] cargada para proceso:[2] en marco:[1]
[INFO] 02:57:26:969 memoria/(3258:3335): pagina:[4] cargada para proceso:[2] en marco:[2]
[INFO] 02:57:37:978 memoria/(3258:3335): pagina:[8] cargada para proceso:[2] en marco:[3]
[INFO] 02:57:56:993 memoria/(3258:3335): pagina:[4] cargada para proceso:[1] en marco:[4]
[INFO] 02:59:08:061 memoria/(3258:3388): proceso:[2] finalizado
[INFO] 10:57:30:429 memoria/(10184:10185): server_ready :: servidor preparado y escuchando ...
[INFO] 11:00:16:753 memoria/(10723:10724): server_ready :: servidor preparado y escuchando ...
[INFO] 11:02:55:541 memoria/(10723:11506): Conexion aceptada con kernel en socket:[7]
[ERROR] 11:06:28:034 memoria/(10723:11506): el tamaño:[2048] de proceso supera al maximo:[1024] posible
[INFO] 11:11:59:893 memoria/(12199:12200): server_ready :: servidor preparado y escuchando ...
[INFO] 11:13:25:229 memoria/(12199:12281): Conexion aceptada con kernel en socket:[7]
[INFO] 11:14:17:588 memoria/(12199:12281): espacio de memoria reservado para pid:[1] tablas de paginas[2] paginas:[8]
[INFO] 11:14:19:634 memoria/(12199:12253): pagina:[0] cargada para proceso:[1] en marco:[0]
[INFO] 11:14:19:635 memoria/(12199:12253): escritura en pagina:[0] desplazamiento:[0] marco:[0] dato:[1]
[INFO] 11:14:19:838 memoria/(12199:12253): escritura en pagina:[0] desplazamiento:[4] marco:[0] dato:[2]
[INFO] 11:14:20:040 memoria/(12199:12253): escritura en pagina:[0] desplazamiento:[8] marco:[0] dato:[3]
[INFO] 11:14:20:243 memoria/(12199:12253): escritura en pagina:[0] desplazamiento:[12] marco:[0] dato:[4]
[INFO] 11:14:20:445 memoria/(12199:12253): escritura en pagina:[0] desplazamiento:[16] marco:[0] dato:[5]
[INFO] 11:14:21:148 memoria/(12199:12253): pagina:[1] cargada para proceso:[1] en marco:[1]
[INFO] 11:14:21:149 memoria/(12199:12253): escritura en pagina:[1] desplazamiento:[0] marco:[1] dato:[11]
[INFO] 11:14:21:351 memoria/(12199:12253): escritura en pagina:[1] desplazamiento:[4] marco:[1] dato:[12]
[INFO] 11:14:21:554 memoria/(12199:12253): escritura en pagina:[1] desplazamiento:[8] marco:[1] dato:[13]
[INFO] 11:14:21:757 memoria/(12199:12253): escritura en pagina:[1] desplazamiento:[12] marco:[1] dato:[14]
[INFO] 11:14:21:962 memoria/(12199:12253): escritura en pagina:[1] desplazamiento:[16] marco:[1] dato:[15]
[INFO] 11:14:22:665 memoria/(12199:12253): pagina:[2] cargada para proceso:[1] en marco:[2]
[INFO] 11:14:22:667 memoria/(12199:12253): escritura en pagina:[2] desplazamiento:[0] marco:[2] dato:[21]
[INFO] 11:14:22:870 memoria/(12199:12253): escritura en pagina:[2] desplazamiento:[4] marco:[2] dato:[22]
[INFO] 11:14:23:073 memoria/(12199:12253): escritura en pagina:[2] desplazamiento:[8] marco:[2] dato:[23]
[INFO] 11:14:23:276 memoria/(12199:12253): escritura en pagina:[2] desplazamiento:[12] marco:[2] dato:[24]
[INFO] 11:14:23:479 memoria/(12199:12253): escritura en pagina:[2] desplazamiento:[16] marco:[2] dato:[25]
[INFO] 11:14:26:995 memoria/(12199:12281): proceso:[1] suspendido
[INFO] 11:14:31:006 memoria/(12199:12253): pagina:[0] cargada para proceso:[1] en marco:[0]
[INFO] 11:14:31:007 memoria/(12199:12253): escritura en pagina:[0] desplazamiento:[0] marco:[0] dato:[1]
[INFO] 11:14:31:211 memoria/(12199:12253): escritura en pagina:[0] desplazamiento:[4] marco:[0] dato:[2]
[INFO] 11:14:31:413 memoria/(12199:12253): escritura en pagina:[0] desplazamiento:[8] marco:[0] dato:[3]
[INFO] 11:14:31:617 memoria/(12199:12253): escritura en pagina:[0] desplazamiento:[12] marco:[0] dato:[4]
[INFO] 11:14:31:820 memoria/(12199:12253): escritura en pagina:[0] desplazamiento:[16] marco:[0] dato:[5]
[INFO] 11:14:32:524 memoria/(12199:12253): pagina:[1] cargada para proceso:[1] en marco:[1]
[INFO] 11:14:32:525 memoria/(12199:12253): escritura en pagina:[1] desplazamiento:[0] marco:[1] dato:[11]
[INFO] 11:14:32:728 memoria/(12199:12253): escritura en pagina:[1] desplazamiento:[4] marco:[1] dato:[12]
[INFO] 11:14:32:931 memoria/(12199:12253): escritura en pagina:[1] desplazamiento:[8] marco:[1] dato:[13]
[INFO] 11:14:33:133 memoria/(12199:12253): escritura en pagina:[1] desplazamiento:[12] marco:[1] dato:[14]
[INFO] 11:14:33:335 memoria/(12199:12253): escritura en pagina:[1] desplazamiento:[16] marco:[1] dato:[15]
[INFO] 11:14:34:038 memoria/(12199:12253): pagina:[2] cargada para proceso:[1] en marco:[2]
[INFO] 11:14:34:040 memoria/(12199:12253): escritura en pagina:[2] desplazamiento:[0] marco:[2] dato:[21]
[INFO] 11:14:34:243 memoria/(12199:12253): escritura en pagina:[2] desplazamiento:[4] marco:[2] dato:[22]
[INFO] 11:14:34:447 memoria/(12199:12253): escritura en pagina:[2] desplazamiento:[8] marco:[2] dato:[23]
[INFO] 11:14:34:649 memoria/(12199:12253): escritura en pagina:[2] desplazamiento:[12] marco:[2] dato:[24]
[INFO] 11:14:34:853 memoria/(12199:12253): escritura en pagina:[2] desplazamiento:[16] marco:[2] dato:[25]
[INFO] 11:14:37:363 memoria/(12199:12281): proceso:[1] finalizado
[INFO] 11:38:21:192 memoria/(2949:2950): server_ready :: servidor preparado y escuchando ...
[INFO] 11:39:12:391 memoria/(2949:3279): Conexion aceptada con kernel en socket:[7]
[INFO] 11:41:46:516 memoria/(2949:3279): espacio de memoria reservado para pid:[1] tablas de paginas[4] paginas:[16]
[INFO] 11:41:47:519 memoria/(2949:3279): espacio de memoria reservado para pid:[2] tablas de paginas[4] paginas:[16]
[INFO] 11:41:57:533 memoria/(2949:3279): proceso:[2] finalizado
[INFO] 11:42:00:539 memoria/(2949:3279): proceso:[1] finalizado
[ERROR] 11:45:35:429 memoria/(2949:3279): CPU desconectado. error:[10200] msg:[Conexion perdida]
[ERROR] 11:45:35:430 memoria/(2949:3106): CPU desconectado. error:[10200] msg:[Conexion perdida]
[INFO] 11:50:54:924 memoria/(3222:3223): server_ready :: servidor preparado y escuchando ...
[INFO] 11:54:22:504 memoria/(3222:3888): Conexion aceptada con kernel en socket:[7]
[INFO] 11:55:57:029 memoria/(3222:3888): espacio de memoria reservado para pid:[1] tablas de paginas[4] paginas:[16]
[INFO] 11:55:58:321 memoria/(3222:3888): espacio de memoria reservado para pid:[2] tablas de paginas[4] paginas:[16]
[INFO] 11:55:59:625 memoria/(3222:3888): espacio de memoria reservado para pid:[3] tablas de paginas[4] paginas:[16]
[INFO] 11:56:14:050 memoria/(3222:3888): proceso:[3] finalizado
[INFO] 11:56:17:056 memoria/(3222:3888): proceso:[1] finalizado
[INFO] 11:56:20:060 memoria/(3222:3888): proceso:[2] finalizado
[ERROR] 11:56:49:882 memoria/(3222:3397): CPU desconectado. error:[10200] msg:[Conexion perdida]
[ERROR] 11:56:50:686 memoria/(3222:3888): CPU desconectado. error:[10200] msg:[Conexion perdida]
[INFO] 12:07:17:602 memoria/(4173:4174): server_ready :: servidor preparado y escuchando ...
[INFO] 12:08:34:821 memoria/(4173:4550): Conexion aceptada con kernel en socket:[7]
[INFO] 12:10:06:151 memoria/(4173:4550): espacio de memoria reservado para pid:[1] tablas de paginas[2] paginas:[8]
[INFO] 12:10:06:978 memoria/(4173:4550): espacio de memoria reservado para pid:[2] tablas de paginas[2] paginas:[8]
[INFO] 12:10:08:125 memoria/(4173:4550): espacio de memoria reservado para pid:[3] tablas de paginas[2] paginas:[8]
[INFO] 12:10:11:298 memoria/(4173:4550): espacio de memoria reservado para pid:[4] tablas de paginas[2] paginas:[8]
[INFO] 12:10:12:799 memoria/(4173:4550): espacio de memoria reservado para pid:[5] tablas de paginas[2] paginas:[8]
[INFO] 12:10:17:175 memoria/(4173:4335): pagina:[0] cargada para proceso:[1] en marco:[0]
[INFO] 12:10:17:176 memoria/(4173:4335): escritura en pagina:[0] desplazamiento:[0] marco:[0] dato:[1]
[INFO] 12:10:19:178 memoria/(4173:4335): escritura en pagina:[0] desplazamiento:[4] marco:[0] dato:[2]
[INFO] 12:10:21:180 memoria/(4173:4335): escritura en pagina:[0] desplazamiento:[8] marco:[0] dato:[3]
[INFO] 12:10:23:181 memoria/(4173:4335): escritura en pagina:[0] desplazamiento:[12] marco:[0] dato:[4]
[INFO] 12:10:25:184 memoria/(4173:4335): escritura en pagina:[0] desplazamiento:[16] marco:[0] dato:[5]
[INFO] 12:10:27:686 memoria/(4173:4335): pagina:[1] cargada para proceso:[1] en marco:[1]
[INFO] 12:10:27:687 memoria/(4173:4335): escritura en pagina:[1] desplazamiento:[0] marco:[1] dato:[11]
[INFO] 12:10:29:689 memoria/(4173:4335): escritura en pagina:[1] desplazamiento:[4] marco:[1] dato:[12]
[INFO] 12:10:31:695 memoria/(4173:4335): escritura en pagina:[1] desplazamiento:[8] marco:[1] dato:[13]
[INFO] 12:10:33:698 memoria/(4173:4335): escritura en pagina:[1] desplazamiento:[12] marco:[1] dato:[14]
[INFO] 12:10:35:699 memoria/(4173:4335): escritura en pagina:[1] desplazamiento:[16] marco:[1] dato:[15]
[INFO] 12:10:38:202 memoria/(4173:4335): pagina:[2] cargada para proceso:[1] en marco:[2]
[INFO] 12:10:38:203 memoria/(4173:4335): escritura en pagina:[2] desplazamiento:[0] marco:[2] dato:[21]
[INFO] 12:10:40:205 memoria/(4173:4335): escritura en pagina:[2] desplazamiento:[4] marco:[2] dato:[22]
[INFO] 12:10:42:207 memoria/(4173:4335): escritura en pagina:[2] desplazamiento:[8] marco:[2] dato:[23]
[INFO] 12:10:44:209 memoria/(4173:4335): escritura en pagina:[2] desplazamiento:[12] marco:[2] dato:[24]
[INFO] 12:10:46:211 memoria/(4173:4335): escritura en pagina:[2] desplazamiento:[16] marco:[2] dato:[25]
[INFO] 12:10:58:730 memoria/(4173:4550): proceso:[1] suspendido
[INFO] 12:11:06:740 memoria/(4173:4335): pagina:[0] cargada para proceso:[2] en marco:[0]
[INFO] 12:11:06:741 memoria/(4173:4335): escritura en pagina:[0] desplazamiento:[0] marco:[0] dato:[1]
[INFO] 12:11:12:245 memoria/(4173:4335): pagina:[1] cargada para proceso:[2] en marco:[1]
[INFO] 12:11:12:246 memoria/(4173:4335): escritura en pagina:[1] desplazamiento:[0] marco:[1] dato:[11]
[INFO] 12:11:17:752 memoria/(4173:4335): pagina:[2] cargada para proceso:[2] en marco:[2]
[INFO] 12:11:17:752 memoria/(4173:4335): escritura en pagina:[2] desplazamiento:[0] marco:[2] dato:[21]
[INFO] 12:11:23:256 memoria/(4173:4335): pagina:[3] cargada para proceso:[2] en marco:[3]
[INFO] 12:11:23:257 memoria/(4173:4335): escritura en pagina:[3] desplazamiento:[0] marco:[3] dato:[31]
[INFO] 12:11:29:262 memoria/(4173:4335): pagina replazada:[0] por pagina:[4] del proceso:[2] en marco:[0]
[INFO] 12:11:29:263 memoria/(4173:4335): escritura en pagina:[4] desplazamiento:[0] marco:[0] dato:[41]
[INFO] 12:11:42:277 memoria/(4173:4550): proceso:[2] suspendido
[INFO] 12:11:49:786 memoria/(4173:4335): pagina:[0] cargada para proceso:[1] en marco:[0]
[INFO] 12:11:49:787 memoria/(4173:4335): escritura en pagina:[0] desplazamiento:[0] marco:[0] dato:[1]
[INFO] 12:11:51:789 memoria/(4173:4335): escritura en pagina:[0] desplazamiento:[4] marco:[0] dato:[2]
[INFO] 12:11:53:790 memoria/(4173:4335): escritura en pagina:[0] desplazamiento:[8] marco:[0] dato:[3]
[INFO] 12:11:55:794 memoria/(4173:4335): escritura en pagina:[0] desplazamiento:[12] marco:[0] dato:[4]
[INFO] 12:11:57:796 memoria/(4173:4335): escritura en pagina:[0] desplazamiento:[16] marco:[0] dato:[5]
[INFO] 12:12:00:300 memoria/(4173:4335): pagina:[1] cargada para proceso:[1] en marco:[1]
[INFO] 12:12:00:301 memoria/(4173:4335): escritura en pagina:[1] desplazamiento:[0] marco:[1] dato:[11]
[INFO] 12:12:02:303 memoria/(4173:4335): escritura en pagina:[1] desplazamiento:[4] marco:[1] dato:[12]
[INFO] 12:12:04:306 memoria/(4173:4335): escritura en pagina:[1] desplazamiento:[8] marco:[1] dato:[13]
[INFO] 12:12:06:308 memoria/(4173:4335): escritura en pagina:[1] desplazamiento:[12] marco:[1] dato:[14]
[INFO] 12:12:08:310 memoria/(4173:4335): escritura en pagina:[1] desplazamiento:[16] marco:[1] dato:[15]
[INFO] 12:12:10:813 memoria/(4173:4335): pagina:[2] cargada para proceso:[1] en marco:[2]
[INFO] 12:12:10:814 memoria/(4173:4335): escritura en pagina:[2] desplazamiento:[0] marco:[2] dato:[21]
[INFO] 12:12:12:818 memoria/(4173:4335): escritura en pagina:[2] desplazamiento:[4] marco:[2] dato:[22]
[INFO] 12:12:14:821 memoria/(4173:4335): escritura en pagina:[2] desplazamiento:[8] marco:[2] dato:[23]
[INFO] 12:12:16:823 memoria/(4173:4335): escritura en pagina:[2] desplazamiento:[12] marco:[2] dato:[24]
[INFO] 12:12:18:826 memoria/(4173:4335): escritura en pagina:[2] desplazamiento:[16] marco:[2] dato:[25]
[INFO] 12:12:30:337 memoria/(4173:4550): proceso:[1] finalizado
[INFO] 12:12:39:348 memoria/(4173:4335): pagina:[4] cargada para proceso:[2] en marco:[0]
[INFO] 12:12:39:349 memoria/(4173:4335): escritura en pagina:[4] desplazamiento:[0] marco:[0] dato:[0]
[INFO] 12:12:44:854 memoria/(4173:4335): pagina:[3] cargada para proceso:[2] en marco:[1]
[INFO] 12:12:44:855 memoria/(4173:4335): escritura en pagina:[3] desplazamiento:[0] marco:[1] dato:[31]
[INFO] 12:12:50:360 memoria/(4173:4335): pagina:[2] cargada para proceso:[2] en marco:[2]
[INFO] 12:12:50:361 memoria/(4173:4335): escritura en pagina:[2] desplazamiento:[0] marco:[2] dato:[21]
[INFO] 12:12:55:867 memoria/(4173:4335): pagina:[1] cargada para proceso:[2] en marco:[3]
[INFO] 12:12:55:868 memoria/(4173:4335): escritura en pagina:[1] desplazamiento:[0] marco:[3] dato:[11]
[INFO] 12:13:01:377 memoria/(4173:4335): pagina replazada:[4] por pagina:[0] del proceso:[2] en marco:[0]
[INFO] 12:13:01:378 memoria/(4173:4335): escritura en pagina:[0] desplazamiento:[0] marco:[0] dato:[1]
[INFO] 12:13:16:890 memoria/(4173:4335): pagina:[0] cargada para proceso:[3] en marco:[4]
[INFO] 12:13:16:890 memoria/(4173:4335): escritura en pagina:[0] desplazamiento:[0] marco:[4] dato:[1]
[INFO] 12:13:16:891 memoria/(4173:4335): escritura en pagina:[0] desplazamiento:[4] marco:[4] dato:[2]
[INFO] 12:13:17:393 memoria/(4173:4335): pagina:[1] cargada para proceso:[3] en marco:[5]
[INFO] 12:13:17:394 memoria/(4173:4335): escritura en pagina:[1] desplazamiento:[0] marco:[5] dato:[11]
[INFO] 12:13:17:395 memoria/(4173:4335): escritura en pagina:[1] desplazamiento:[4] marco:[5] dato:[12]
[INFO] 12:13:17:898 memoria/(4173:4335): pagina:[2] cargada para proceso:[3] en marco:[6]
[INFO] 12:13:17:898 memoria/(4173:4335): escritura en pagina:[2] desplazamiento:[0] marco:[6] dato:[21]
[INFO] 12:13:17:899 memoria/(4173:4335): escritura en pagina:[2] desplazamiento:[4] marco:[6] dato:[22]
[INFO] 12:13:18:400 memoria/(4173:4335): pagina:[3] cargada para proceso:[3] en marco:[7]
[INFO] 12:13:18:400 memoria/(4173:4335): escritura en pagina:[3] desplazamiento:[0] marco:[7] dato:[31]
[INFO] 12:13:18:401 memoria/(4173:4335): escritura en pagina:[3] desplazamiento:[4] marco:[7] dato:[32]
[INFO] 12:13:19:404 memoria/(4173:4335): pagina replazada:[0] por pagina:[4] del proceso:[3] en marco:[4]
[INFO] 12:13:19:404 memoria/(4173:4335): escritura en pagina:[4] desplazamiento:[0] marco:[4] dato:[41]
[INFO] 12:13:19:404 memoria/(4173:4335): escritura en pagina:[4] desplazamiento:[4] marco:[4] dato:[42]
[INFO] 12:13:20:405 memoria/(4173:4335): pagina replazada:[1] por pagina:[5] del proceso:[3] en marco:[5]
[INFO] 12:13:20:406 memoria/(4173:4335): escritura en pagina:[5] desplazamiento:[0] marco:[5] dato:[51]
[INFO] 12:13:20:407 memoria/(4173:4335): escritura en pagina:[5] desplazamiento:[4] marco:[5] dato:[52]
[INFO] 12:13:31:416 memoria/(4173:4335): pagina replazada:[2] por pagina:[0] del proceso:[3] en marco:[6]
[INFO] 12:13:31:418 memoria/(4173:4335): escritura en pagina:[0] desplazamiento:[0] marco:[6] dato:[1]
[INFO] 12:13:32:421 memoria/(4173:4335): pagina replazada:[3] por pagina:[1] del proceso:[3] en marco:[7]
[INFO] 12:13:32:422 memoria/(4173:4335): escritura en pagina:[1] desplazamiento:[0] marco:[7] dato:[11]
[INFO] 12:13:32:922 memoria/(4173:4335): pagina replazada:[0] por pagina:[2] del proceso:[3] en marco:[6]
[INFO] 12:13:32:924 memoria/(4173:4335): escritura en pagina:[2] desplazamiento:[0] marco:[6] dato:[21]
[INFO] 12:13:33:426 memoria/(4173:4335): pagina replazada:[1] por pagina:[3] del proceso:[3] en marco:[7]
[INFO] 12:13:33:427 memoria/(4173:4335): escritura en pagina:[3] desplazamiento:[0] marco:[7] dato:[31]
[INFO] 12:13:33:428 memoria/(4173:4335): escritura en pagina:[4] desplazamiento:[0] marco:[4] dato:[41]
[INFO] 12:13:33:429 memoria/(4173:4335): escritura en pagina:[5] desplazamiento:[0] marco:[5] dato:[51]
[INFO] 12:13:43:936 memoria/(4173:4335): pagina replazada:[2] por pagina:[0] del proceso:[3] en marco:[6]
[INFO] 12:13:43:937 memoria/(4173:4335): escritura en pagina:[0] desplazamiento:[4] marco:[6] dato:[2]
[INFO] 12:13:44:437 memoria/(4173:4335): pagina replazada:[3] por pagina:[1] del proceso:[3] en marco:[7]
[INFO] 12:13:44:438 memoria/(4173:4335): escritura en pagina:[1] desplazamiento:[4] marco:[7] dato:[12]
[INFO] 12:13:45:439 memoria/(4173:4335): pagina replazada:[4] por pagina:[2] del proceso:[3] en marco:[4]
[INFO] 12:13:45:440 memoria/(4173:4335): escritura en pagina:[2] desplazamiento:[4] marco:[4] dato:[22]
[INFO] 12:13:46:442 memoria/(4173:4335): pagina replazada:[5] por pagina:[3] del proceso:[3] en marco:[5]
[INFO] 12:13:46:443 memoria/(4173:4335): escritura en pagina:[3] desplazamiento:[4] marco:[5] dato:[32]
[INFO] 12:13:46:944 memoria/(4173:4335): pagina replazada:[0] por pagina:[4] del proceso:[3] en marco:[6]
[INFO] 12:13:46:945 memoria/(4173:4335): escritura en pagina:[4] desplazamiento:[4] marco:[6] dato:[0]
[INFO] 12:13:47:446 memoria/(4173:4335): pagina replazada:[1] por pagina:[5] del proceso:[3] en marco:[7]
[INFO] 12:13:47:447 memoria/(4173:4335): escritura en pagina:[5] desplazamiento:[4] marco:[7] dato:[0]
[INFO] 12:13:57:957 memoria/(4173:4335): pagina replazada:[2] por pagina:[0] del proceso:[3] en marco:[4]
[INFO] 12:13:57:959 memoria/(4173:4335): escritura en pagina:[0] desplazamiento:[0] marco:[4] dato:[1]
[INFO] 12:13:58:460 memoria/(4173:4335): pagina replazada:[3] por pagina:[1] del proceso:[3] en marco:[5]
[INFO] 12:13:58:461 memoria/(4173:4335): escritura en pagina:[1] desplazamiento:[0] marco:[5] dato:[11]
[INFO] 12:13:58:962 memoria/(4173:4335): pagina replazada:[4] por pagina:[2] del proceso:[3] en marco:[6]
[INFO] 12:13:58:962 memoria/(4173:4335): escritura en pagina:[2] desplazamiento:[0] marco:[6] dato:[21]
[INFO] 12:13:59:463 memoria/(4173:4335): pagina replazada:[5] por pagina:[3] del proceso:[3] en marco:[7]
[INFO] 12:13:59:463 memoria/(4173:4335): escritura en pagina:[3] desplazamiento:[0] marco:[7] dato:[31]
[INFO] 12:13:59:964 memoria/(4173:4335): pagina replazada:[0] por pagina:[4] del proceso:[3] en marco:[4]
[INFO] 12:13:59:965 memoria/(4173:4335): escritura en pagina:[4] desplazamiento:[0] marco:[4] dato:[0]
[INFO] 12:14:00:466 memoria/(4173:4335): pagina replazada:[1] por pagina:[5] del proceso:[3] en marco:[5]
[INFO] 12:14:00:467 memoria/(4173:4335): escritura en pagina:[5] desplazamiento:[0] marco:[5] dato:[0]
[INFO] 12:14:10:977 memoria/(4173:4335): pagina replazada:[2] por pagina:[0] del proceso:[3] en marco:[6]
[INFO] 12:14:10:979 memoria/(4173:4335): escritura en pagina:[0] desplazamiento:[4] marco:[6] dato:[2]
[INFO] 12:14:11:481 memoria/(4173:4335): pagina replazada:[3] por pagina:[1] del proceso:[3] en marco:[7]
[INFO] 12:14:11:482 memoria/(4173:4335): escritura en pagina:[1] desplazamiento:[4] marco:[7] dato:[12]
[INFO] 12:14:11:983 memoria/(4173:4335): pagina replazada:[4] por pagina:[2] del proceso:[3] en marco:[4]
[INFO] 12:14:11:984 memoria/(4173:4335): escritura en pagina:[2] desplazamiento:[4] marco:[4] dato:[22]
[INFO] 12:14:12:485 memoria/(4173:4335): pagina replazada:[5] por pagina:[3] del proceso:[3] en marco:[5]
[INFO] 12:14:12:486 memoria/(4173:4335): escritura en pagina:[3] desplazamiento:[4] marco:[5] dato:[32]
[INFO] 12:14:12:986 memoria/(4173:4335): pagina replazada:[0] por pagina:[4] del proceso:[3] en marco:[6]
[INFO] 12:14:12:988 memoria/(4173:4335): escritura en pagina:[4] desplazamiento:[4] marco:[6] dato:[0]
[INFO] 12:14:13:490 memoria/(4173:4335): pagina replazada:[1] por pagina:[5] del proceso:[3] en marco:[7]
[INFO] 12:14:13:490 memoria/(4173:4335): escritura en pagina:[5] desplazamiento:[4] marco:[7] dato:[0]
[INFO] 12:14:24:001 memoria/(4173:4335): pagina replazada:[2] por pagina:[0] del proceso:[3] en marco:[4]
[INFO] 12:14:24:002 memoria/(4173:4335): escritura en pagina:[0] desplazamiento:[0] marco:[4] dato:[1]
[INFO] 12:14:24:504 memoria/(4173:4335): pagina replazada:[3] por pagina:[1] del proceso:[3] en marco:[5]
[INFO] 12:14:24:505 memoria/(4173:4335): escritura en pagina:[1] desplazamiento:[0] marco:[5] dato:[11]
[INFO] 12:14:25:007 memoria/(4173:4335): pagina replazada:[4] por pagina:[2] del proceso:[3] en marco:[6]
[INFO] 12:14:25:009 memoria/(4173:4335): escritura en pagina:[2] desplazamiento:[0] marco:[6] dato:[21]
[INFO] 12:14:25:510 memoria/(4173:4335): pagina replazada:[5] por pagina:[3] del proceso:[3] en marco:[7]
[INFO] 12:14:25:511 memoria/(4173:4335): escritura en pagina:[3] desplazamiento:[0] marco:[7] dato:[31]
[INFO] 12:14:26:013 memoria/(4173:4335): pagina replazada:[0] por pagina:[4] del proceso:[3] en marco:[4]
[INFO] 12:14:26:014 memoria/(4173:4335): escritura en pagina:[4] desplazamiento:[0] marco:[4] dato:[0]
[INFO] 12:14:26:515 memoria/(4173:4335): pagina replazada:[1] por pagina:[5] del proceso:[3] en marco:[5]
[INFO] 12:14:26:515 memoria/(4173:4335): escritura en pagina:[5] desplazamiento:[0] marco:[5] dato:[0]
[INFO] 12:14:37:026 memoria/(4173:4335): pagina replazada:[2] por pagina:[0] del proceso:[3] en marco:[6]
[INFO] 12:14:37:027 memoria/(4173:4335): escritura en pagina:[0] desplazamiento:[4] marco:[6] dato:[2]
[INFO] 12:14:37:527 memoria/(4173:4335): pagina replazada:[3] por pagina:[1] del proceso:[3] en marco:[7]
[INFO] 12:14:37:528 memoria/(4173:4335): escritura en pagina:[1] desplazamiento:[4] marco:[7] dato:[12]
[INFO] 12:14:38:030 memoria/(4173:4335): pagina replazada:[4] por pagina:[2] del proceso:[3] en marco:[4]
[INFO] 12:14:38:031 memoria/(4173:4335): escritura en pagina:[2] desplazamiento:[4] marco:[4] dato:[22]
[INFO] 12:14:38:533 memoria/(4173:4335): pagina replazada:[5] por pagina:[3] del proceso:[3] en marco:[5]
[INFO] 12:14:38:534 memoria/(4173:4335): escritura en pagina:[3] desplazamiento:[4] marco:[5] dato:[32]
[INFO] 12:14:39:035 memoria/(4173:4335): pagina replazada:[0] por pagina:[4] del proceso:[3] en marco:[6]
[INFO] 12:14:39:035 memoria/(4173:4335): escritura en pagina:[4] desplazamiento:[4] marco:[6] dato:[0]
[INFO] 12:14:39:536 memoria/(4173:4335): pagina replazada:[1] por pagina:[5] del proceso:[3] en marco:[7]
[INFO] 12:14:39:537 memoria/(4173:4335): escritura en pagina:[5] desplazamiento:[4] marco:[7] dato:[0]
[INFO] 12:15:00:054 memoria/(4173:4335): pagina replazada:[2] por pagina:[0] del proceso:[3] en marco:[4]
[INFO] 12:15:00:055 memoria/(4173:4335): escritura en pagina:[0] desplazamiento:[0] marco:[4] dato:[1]
[INFO] 12:15:00:556 memoria/(4173:4335): pagina replazada:[3] por pagina:[1] del proceso:[3] en marco:[5]
[INFO] 12:15:00:558 memoria/(4173:4335): escritura en pagina:[1] desplazamiento:[0] marco:[5] dato:[11]
[INFO] 12:15:01:059 memoria/(4173:4335): pagina replazada:[4] por pagina:[2] del proceso:[3] en marco:[6]
[INFO] 12:15:01:062 memoria/(4173:4335): escritura en pagina:[2] desplazamiento:[0] marco:[6] dato:[21]
[INFO] 12:15:01:563 memoria/(4173:4335): pagina replazada:[5] por pagina:[3] del proceso:[3] en marco:[7]
[INFO] 12:15:01:564 memoria/(4173:4335): escritura en pagina:[3] desplazamiento:[0] marco:[7] dato:[31]
[INFO] 12:15:02:064 memoria/(4173:4335): pagina replazada:[0] por pagina:[4] del proceso:[3] en marco:[4]
[INFO] 12:15:02:065 memoria/(4173:4335): escritura en pagina:[4] desplazamiento:[0] marco:[4] dato:[0]
[INFO] 12:15:02:566 memoria/(4173:4335): pagina replazada:[1] por pagina:[5] del proceso:[3] en marco:[5]
[INFO] 12:15:02:567 memoria/(4173:4335): escritura en pagina:[5] desplazamiento:[0] marco:[5] dato:[0]
[INFO] 12:15:13:074 memoria/(4173:4335): pagina replazada:[2] por pagina:[0] del proceso:[3] en marco:[6]
[INFO] 12:15:13:075 memoria/(4173:4335): escritura en pagina:[0] desplazamiento:[4] marco:[6] dato:[2]
[INFO] 12:15:13:578 memoria/(4173:4335): pagina replazada:[3] por pagina:[1] del proceso:[3] en marco:[7]
[INFO] 12:15:13:578 memoria/(4173:4335): escritura en pagina:[1] desplazamiento:[4] marco:[7] dato:[12]
[INFO] 12:15:14:079 memoria/(4173:4335): pagina replazada:[4] por pagina:[2] del proceso:[3] en marco:[4]
[INFO] 12:15:14:080 memoria/(4173:4335): escritura en pagina:[2] desplazamiento:[4] marco:[4] dato:[22]
[INFO] 12:15:14:582 memoria/(4173:4335): pagina replazada:[5] por pagina:[3] del proceso:[3] en marco:[5]
[INFO] 12:15:14:583 memoria/(4173:4335): escritura en pagina:[3] desplazamiento:[4] marco:[5] dato:[32]
[INFO] 12:15:15:084 memoria/(4173:4335): pagina replazada:[0] por pagina:[4] del proceso:[3] en marco:[6]
[INFO] 12:15:15:085 memoria/(4173:4335): escritura en pagina:[4] desplazamiento:[4] marco:[6] dato:[0]
[INFO] 12:15:15:587 memoria/(4173:4335): pagina replazada:[1] por pagina:[5] del proceso:[3] en marco:[7]
[INFO] 12:15:15:588 memoria/(4173:4335): escritura en pagina:[5] desplazamiento:[4] marco:[7] dato:[0]
[INFO] 12:15:26:098 memoria/(4173:4335): pagina replazada:[2] por pagina:[0] del proceso:[3] en marco:[4]
[INFO] 12:15:26:099 memoria/(4173:4335): escritura en pagina:[0] desplazamiento:[0] marco:[4] dato:[1]
[INFO] 12:15:26:601 memoria/(4173:4335): pagina replazada:[3] por pagina:[1] del proceso:[3] en marco:[5]
[INFO] 12:15:26:602 memoria/(4173:4335): escritura en pagina:[1] desplazamiento:[0] marco:[5] dato:[11]
[INFO] 12:15:27:103 memoria/(4173:4335): pagina replazada:[4] por pagina:[2] del proceso:[3] en marco:[6]
[INFO] 12:15:27:104 memoria/(4173:4335): escritura en pagina:[2] desplazamiento:[0] marco:[6] dato:[21]
[INFO] 12:15:27:605 memoria/(4173:4335): pagina replazada:[5] por pagina:[3] del proceso:[3] en marco:[7]
[INFO] 12:15:27:605 memoria/(4173:4335): escritura en pagina:[3] desplazamiento:[0] marco:[7] dato:[31]
[INFO] 12:15:28:107 memoria/(4173:4335): pagina replazada:[0] por pagina:[4] del proceso:[3] en marco:[4]
[INFO] 12:15:28:108 memoria/(4173:4335): escritura en pagina:[4] desplazamiento:[0] marco:[4] dato:[0]
[INFO] 12:15:28:611 memoria/(4173:4335): pagina replazada:[1] por pagina:[5] del proceso:[3] en marco:[5]
[INFO] 12:15:28:611 memoria/(4173:4335): escritura en pagina:[5] desplazamiento:[0] marco:[5] dato:[0]
[INFO] 12:15:39:122 memoria/(4173:4335): pagina replazada:[2] por pagina:[0] del proceso:[3] en marco:[6]
[INFO] 12:15:39:123 memoria/(4173:4335): escritura en pagina:[0] desplazamiento:[4] marco:[6] dato:[2]
[INFO] 12:15:39:625 memoria/(4173:4335): pagina replazada:[3] por pagina:[1] del proceso:[3] en marco:[7]
[INFO] 12:15:39:626 memoria/(4173:4335): escritura en pagina:[1] desplazamiento:[4] marco:[7] dato:[12]
[INFO] 12:15:40:127 memoria/(4173:4335): pagina replazada:[4] por pagina:[2] del proceso:[3] en marco:[4]
[INFO] 12:15:40:127 memoria/(4173:4335): escritura en pagina:[2] desplazamiento:[4] marco:[4] dato:[22]
[INFO] 12:15:40:628 memoria/(4173:4335): pagina replazada:[5] por pagina:[3] del proceso:[3] en marco:[5]
[INFO] 12:15:40:629 memoria/(4173:4335): escritura en pagina:[3] desplazamiento:[4] marco:[5] dato:[32]
[INFO] 12:15:41:130 memoria/(4173:4335): pagina replazada:[0] por pagina:[4] del proceso:[3] en marco:[6]
[INFO] 12:15:41:131 memoria/(4173:4335): escritura en pagina:[4] desplazamiento:[4] marco:[6] dato:[0]
[INFO] 12:15:41:631 memoria/(4173:4335): pagina replazada:[1] por pagina:[5] del proceso:[3] en marco:[7]
[INFO] 12:15:41:632 memoria/(4173:4335): escritura en pagina:[5] desplazamiento:[4] marco:[7] dato:[0]
[INFO] 12:15:53:647 memoria/(4173:4550): proceso:[3] finalizado
[INFO] 12:16:48:796 memoria/(4173:4550): proceso:[2] finalizado
[INFO] 12:16:49:303 memoria/(4173:4335): pagina:[0] cargada para proceso:[5] en marco:[0]
[INFO] 12:16:49:303 memoria/(4173:4335): escritura en pagina:[0] desplazamiento:[0] marco:[0] dato:[1]
[INFO] 12:17:05:352 memoria/(4173:4335): escritura en pagina:[0] desplazamiento:[4] marco:[0] dato:[2]
[INFO] 12:17:19:893 memoria/(4173:4335): pagina:[1] cargada para proceso:[5] en marco:[1]
[INFO] 12:17:19:894 memoria/(4173:4335): escritura en pagina:[1] desplazamiento:[0] marco:[1] dato:[11]
[INFO] 12:17:33:936 memoria/(4173:4335): escritura en pagina:[1] desplazamiento:[4] marco:[1] dato:[12]
[INFO] 12:17:47:975 memoria/(4173:4335): escritura en pagina:[0] desplazamiento:[0] marco:[0] dato:[1]
[INFO] 12:18:02:001 memoria/(4173:4335): escritura en pagina:[1] desplazamiento:[0] marco:[1] dato:[11]
[INFO] 12:18:16:043 memoria/(4173:4335): escritura en pagina:[0] desplazamiento:[4] marco:[0] dato:[2]
[INFO] 12:18:30:068 memoria/(4173:4335): escritura en pagina:[1] desplazamiento:[4] marco:[1] dato:[12]
[INFO] 12:18:44:606 memoria/(4173:4335): pagina:[2] cargada para proceso:[5] en marco:[2]
[INFO] 12:18:44:607 memoria/(4173:4335): escritura en pagina:[2] desplazamiento:[0] marco:[2] dato:[21]
[INFO] 12:18:58:647 memoria/(4173:4335): escritura en pagina:[2] desplazamiento:[4] marco:[2] dato:[22]
[INFO] 12:19:13:192 memoria/(4173:4335): pagina:[3] cargada para proceso:[5] en marco:[3]
[INFO] 12:19:13:193 memoria/(4173:4335): escritura en pagina:[3] desplazamiento:[0] marco:[3] dato:[31]
[INFO] 12:19:13:202 memoria/(4173:4550): proceso:[4] finalizado
[INFO] 12:19:23:336 memoria/(4173:4335): escritura en pagina:[3] desplazamiento:[4] marco:[3] dato:[32]
[INFO] 12:19:33:458 memoria/(4173:4335): escritura en pagina:[2] desplazamiento:[0] marco:[2] dato:[21]
[INFO] 12:19:43:569 memoria/(4173:4335): escritura en pagina:[2] desplazamiento:[4] marco:[2] dato:[22]
[INFO] 12:19:53:687 memoria/(4173:4335): escritura en pagina:[3] desplazamiento:[0] marco:[3] dato:[31]
[INFO] 12:20:03:799 memoria/(4173:4335): escritura en pagina:[3] desplazamiento:[4] marco:[3] dato:[32]
[INFO] 12:20:15:916 memoria/(4173:4550): proceso:[5] finalizado
[ERROR] 12:21:03:039 memoria/(4173:4550): CPU desconectado. error:[10200] msg:[Conexion perdida]
[ERROR] 12:21:03:042 memoria/(4173:4335): CPU desconectado. error:[10200] msg:[Conexion perdida]
